2024-09-06 10:34:00 [main] INFO  ProjectServiceApplication - Starting ProjectServiceApplication using Java 19.0.2 with PID 8084 (C:\Users\1\Desktop\1\4\it-park-graduation-project\backend\project-service\target\classes started by 1 in C:\Users\1\Desktop\1\4\it-park-graduation-project)
2024-09-06 10:34:00 [main] DEBUG ProjectServiceApplication - Running with Spring Boot v3.3.1, Spring v6.1.10
2024-09-06 10:34:00 [main] INFO  ProjectServiceApplication - No active profile set, falling back to 1 default profile: "default"
2024-09-06 10:34:01 [main] INFO  RepositoryConfigurationDelegate - Bootstrapping Spring Data JPA repositories in DEFAULT mode.
2024-09-06 10:34:01 [main] INFO  RepositoryConfigurationDelegate - Finished Spring Data repository scanning in 117 ms. Found 2 JPA repository interfaces.
2024-09-06 10:34:02 [main] INFO  TomcatWebServer - Tomcat initialized with port 8087 (http)
2024-09-06 10:34:02 [main] INFO  ServletWebServerApplicationContext - Root WebApplicationContext: initialization completed in 2017 ms
2024-09-06 10:34:03 [main] INFO  SpringPersistenceUnitInfo - No LoadTimeWeaver setup: ignoring JPA class transformer
2024-09-06 10:34:04 [main] INFO  LocalContainerEntityManagerFactoryBean - Initialized JPA EntityManagerFactory for persistence unit 'default'
2024-09-06 10:34:04 [main] WARN  DefaultKafkaConfig - Бутстрапик: localhost:29092
2024-09-06 10:34:04 [main] WARN  DefaultKafkaConfig - Бутстрап NotificationCreateCommand: localhost:29092
2024-09-06 10:34:04 [main] INFO  QueryEnhancerFactory - Hibernate is in classpath; If applicable, HQL parser will be used.
2024-09-06 10:34:06 [main] WARN  DefaultKafkaConfig - Бутстрапик: localhost:29092
2024-09-06 10:34:06 [main] WARN  JpaBaseConfiguration$JpaWebConfiguration - spring.jpa.open-in-view is enabled by default. Therefore, database queries may be performed during view rendering. Explicitly configure spring.jpa.open-in-view to disable this warning
2024-09-06 10:34:06 [main] INFO  TomcatWebServer - Tomcat started on port 8087 (http) with context path '/'
2024-09-06 10:34:06 [main] INFO  ProjectServiceApplication - Started ProjectServiceApplication in 6.661 seconds (process running for 8.31)
2024-09-06 10:34:10 [org.springframework.kafka.KafkaListenerEndpointContainer#0-0-C-1] INFO  KafkaMessageListenerContainer - my-group: partitions assigned: [test-0]
2024-09-06 10:35:39 [org.springframework.kafka.KafkaListenerEndpointContainer#0-0-C-1] INFO  KafkaMessageListenerContainer - my-group: partitions revoked: [test-0]
2024-09-06 10:35:40 [org.springframework.kafka.KafkaListenerEndpointContainer#0-0-C-1] INFO  KafkaMessageListenerContainer - my-group: Consumer stopped
2024-09-06 10:35:40 [SpringApplicationShutdownHook] INFO  LocalContainerEntityManagerFactoryBean - Closing JPA EntityManagerFactory for persistence unit 'default'
2024-09-06 10:35:45 [main] INFO  ProjectServiceApplication - Starting ProjectServiceApplication using Java 19.0.2 with PID 9452 (C:\Users\1\Desktop\1\4\it-park-graduation-project\backend\project-service\target\classes started by 1 in C:\Users\1\Desktop\1\4\it-park-graduation-project)
2024-09-06 10:35:45 [main] DEBUG ProjectServiceApplication - Running with Spring Boot v3.3.1, Spring v6.1.10
2024-09-06 10:35:45 [main] INFO  ProjectServiceApplication - No active profile set, falling back to 1 default profile: "default"
2024-09-06 10:35:46 [main] INFO  RepositoryConfigurationDelegate - Bootstrapping Spring Data JPA repositories in DEFAULT mode.
2024-09-06 10:35:46 [main] INFO  RepositoryConfigurationDelegate - Finished Spring Data repository scanning in 85 ms. Found 2 JPA repository interfaces.
2024-09-06 10:35:47 [main] INFO  TomcatWebServer - Tomcat initialized with port 8087 (http)
2024-09-06 10:35:47 [main] INFO  ServletWebServerApplicationContext - Root WebApplicationContext: initialization completed in 1670 ms
2024-09-06 10:35:47 [main] INFO  SpringPersistenceUnitInfo - No LoadTimeWeaver setup: ignoring JPA class transformer
2024-09-06 10:35:49 [main] INFO  LocalContainerEntityManagerFactoryBean - Initialized JPA EntityManagerFactory for persistence unit 'default'
2024-09-06 10:35:49 [main] WARN  DefaultKafkaConfig - Бутстрапик: localhost:29092
2024-09-06 10:35:49 [main] WARN  DefaultKafkaConfig - Бутстрап NotificationCreateCommand: localhost:29092
2024-09-06 10:35:49 [main] INFO  QueryEnhancerFactory - Hibernate is in classpath; If applicable, HQL parser will be used.
2024-09-06 10:35:50 [main] WARN  DefaultKafkaConfig - Бутстрапик: localhost:29092
2024-09-06 10:35:50 [main] WARN  JpaBaseConfiguration$JpaWebConfiguration - spring.jpa.open-in-view is enabled by default. Therefore, database queries may be performed during view rendering. Explicitly configure spring.jpa.open-in-view to disable this warning
2024-09-06 10:35:51 [main] INFO  TomcatWebServer - Tomcat started on port 8087 (http) with context path '/'
2024-09-06 10:35:51 [main] INFO  ProjectServiceApplication - Started ProjectServiceApplication in 6.543 seconds (process running for 7.557)
2024-09-06 10:35:54 [http-nio-8087-exec-1] INFO  DispatcherServlet - Initializing Servlet 'dispatcherServlet'
2024-09-06 10:35:54 [http-nio-8087-exec-1] INFO  DispatcherServlet - Completed initialization in 1 ms
2024-09-06 10:35:57 [http-nio-8087-exec-1] ERROR ExceptionAdvice - exception caught by advice URI is not absolute 
2024-09-06 10:35:57 [org.springframework.kafka.KafkaListenerEndpointContainer#0-0-C-1] INFO  KafkaMessageListenerContainer - my-group: partitions assigned: [test-0]
2024-09-06 10:37:08 [http-nio-8087-exec-3] ERROR ExceptionAdvice - exception caught by advice URI is not absolute 
2024-09-06 10:37:08 [org.springframework.kafka.KafkaListenerEndpointContainer#0-0-C-1] INFO  KafkaMessageListenerContainer - my-group: partitions revoked: [test-0]
2024-09-06 10:37:08 [org.springframework.kafka.KafkaListenerEndpointContainer#0-0-C-1] INFO  KafkaMessageListenerContainer - my-group: Consumer stopped
2024-09-06 10:37:08 [SpringApplicationShutdownHook] INFO  LocalContainerEntityManagerFactoryBean - Closing JPA EntityManagerFactory for persistence unit 'default'
2024-09-06 10:37:12 [main] INFO  ProjectServiceApplication - Starting ProjectServiceApplication using Java 19.0.2 with PID 21488 (C:\Users\1\Desktop\1\4\it-park-graduation-project\backend\project-service\target\classes started by 1 in C:\Users\1\Desktop\1\4\it-park-graduation-project)
2024-09-06 10:37:12 [main] DEBUG ProjectServiceApplication - Running with Spring Boot v3.3.1, Spring v6.1.10
2024-09-06 10:37:12 [main] INFO  ProjectServiceApplication - No active profile set, falling back to 1 default profile: "default"
2024-09-06 10:37:13 [main] INFO  RepositoryConfigurationDelegate - Bootstrapping Spring Data JPA repositories in DEFAULT mode.
2024-09-06 10:37:13 [main] INFO  RepositoryConfigurationDelegate - Finished Spring Data repository scanning in 97 ms. Found 2 JPA repository interfaces.
2024-09-06 10:37:14 [main] INFO  TomcatWebServer - Tomcat initialized with port 8087 (http)
2024-09-06 10:37:14 [main] INFO  ServletWebServerApplicationContext - Root WebApplicationContext: initialization completed in 1729 ms
2024-09-06 10:37:15 [main] INFO  SpringPersistenceUnitInfo - No LoadTimeWeaver setup: ignoring JPA class transformer
2024-09-06 10:37:16 [main] INFO  LocalContainerEntityManagerFactoryBean - Initialized JPA EntityManagerFactory for persistence unit 'default'
2024-09-06 10:37:16 [main] WARN  DefaultKafkaConfig - Бутстрапик: localhost:29092
2024-09-06 10:37:16 [main] WARN  DefaultKafkaConfig - Бутстрап NotificationCreateCommand: localhost:29092
2024-09-06 10:37:16 [main] INFO  QueryEnhancerFactory - Hibernate is in classpath; If applicable, HQL parser will be used.
2024-09-06 10:37:17 [main] WARN  DefaultKafkaConfig - Бутстрапик: localhost:29092
2024-09-06 10:37:17 [main] WARN  JpaBaseConfiguration$JpaWebConfiguration - spring.jpa.open-in-view is enabled by default. Therefore, database queries may be performed during view rendering. Explicitly configure spring.jpa.open-in-view to disable this warning
2024-09-06 10:37:18 [main] INFO  TomcatWebServer - Tomcat started on port 8087 (http) with context path '/'
2024-09-06 10:37:18 [main] INFO  ProjectServiceApplication - Started ProjectServiceApplication in 6.334 seconds (process running for 7.4)
2024-09-06 10:37:21 [http-nio-8087-exec-2] INFO  DispatcherServlet - Initializing Servlet 'dispatcherServlet'
2024-09-06 10:37:21 [http-nio-8087-exec-2] INFO  DispatcherServlet - Completed initialization in 2 ms
2024-09-06 10:37:23 [org.springframework.kafka.KafkaListenerEndpointContainer#0-0-C-1] INFO  KafkaMessageListenerContainer - my-group: partitions assigned: [test-0]
2024-09-06 10:37:23 [http-nio-8087-exec-2] ERROR ExceptionAdvice - exception caught by advice I/O error on POST request for "http://localhost:8084/api/chats": Connection refused: connect 
2024-09-06 10:38:45 [http-nio-8087-exec-1] ERROR ExceptionAdvice - exception caught by advice I/O error on POST request for "http://localhost:8084/api/chats": Connection refused: connect 
2024-09-06 10:38:45 [org.springframework.kafka.KafkaListenerEndpointContainer#0-0-C-1] INFO  KafkaMessageListenerContainer - my-group: partitions revoked: [test-0]
2024-09-06 10:38:45 [org.springframework.kafka.KafkaListenerEndpointContainer#0-0-C-1] INFO  KafkaMessageListenerContainer - my-group: Consumer stopped
2024-09-06 10:38:46 [SpringApplicationShutdownHook] INFO  LocalContainerEntityManagerFactoryBean - Closing JPA EntityManagerFactory for persistence unit 'default'
2024-09-06 10:50:09 [main] INFO  ProjectServiceApplication - Starting ProjectServiceApplication using Java 19.0.2 with PID 3516 (C:\Users\1\Desktop\1\4\it-park-graduation-project\backend\project-service\target\classes started by 1 in C:\Users\1\Desktop\1\4\it-park-graduation-project)
2024-09-06 10:50:09 [main] DEBUG ProjectServiceApplication - Running with Spring Boot v3.3.1, Spring v6.1.10
2024-09-06 10:50:09 [main] INFO  ProjectServiceApplication - No active profile set, falling back to 1 default profile: "default"
2024-09-06 10:50:10 [main] INFO  RepositoryConfigurationDelegate - Bootstrapping Spring Data JPA repositories in DEFAULT mode.
2024-09-06 10:50:10 [main] INFO  RepositoryConfigurationDelegate - Finished Spring Data repository scanning in 129 ms. Found 2 JPA repository interfaces.
2024-09-06 10:50:11 [main] INFO  TomcatWebServer - Tomcat initialized with port 8087 (http)
2024-09-06 10:50:11 [main] INFO  ServletWebServerApplicationContext - Root WebApplicationContext: initialization completed in 1754 ms
2024-09-06 10:50:12 [main] INFO  SpringPersistenceUnitInfo - No LoadTimeWeaver setup: ignoring JPA class transformer
2024-09-06 10:50:13 [main] INFO  LocalContainerEntityManagerFactoryBean - Initialized JPA EntityManagerFactory for persistence unit 'default'
2024-09-06 10:50:13 [main] WARN  DefaultKafkaConfig - Бутстрапик: localhost:29092
2024-09-06 10:50:13 [main] WARN  DefaultKafkaConfig - Бутстрап NotificationCreateCommand: localhost:29092
2024-09-06 10:50:13 [main] INFO  QueryEnhancerFactory - Hibernate is in classpath; If applicable, HQL parser will be used.
2024-09-06 10:50:14 [main] WARN  DefaultKafkaConfig - Бутстрапик: localhost:29092
2024-09-06 10:50:14 [main] WARN  JpaBaseConfiguration$JpaWebConfiguration - spring.jpa.open-in-view is enabled by default. Therefore, database queries may be performed during view rendering. Explicitly configure spring.jpa.open-in-view to disable this warning
2024-09-06 10:50:15 [main] INFO  TomcatWebServer - Tomcat started on port 8087 (http) with context path '/'
2024-09-06 10:50:15 [main] INFO  ProjectServiceApplication - Started ProjectServiceApplication in 6.363 seconds (process running for 7.399)
2024-09-06 10:50:17 [http-nio-8087-exec-1] INFO  DispatcherServlet - Initializing Servlet 'dispatcherServlet'
2024-09-06 10:50:17 [http-nio-8087-exec-1] INFO  DispatcherServlet - Completed initialization in 0 ms
2024-09-06 10:50:40 [org.springframework.kafka.KafkaListenerEndpointContainer#0-0-C-1] INFO  KafkaMessageListenerContainer - my-group: partitions assigned: [test-0]
2024-09-06 10:50:40 [http-nio-8087-exec-1] DEBUG SQL - 
    insert 
    into
        participant_project
        (user_email, project_id, id) 
    values
        (?, ?, ?)
2024-09-06 10:59:53 [http-nio-8087-exec-3] DEBUG SQL - 
    select
        up1_0.id,
        up1_0.user_email,
        up1_0.project_id 
    from
        participant_project up1_0 
    where
        up1_0.user_email=?
2024-09-06 10:59:53 [http-nio-8087-exec-3] DEBUG SQL - 
    select
        p1_0.id,
        p1_0.created_at,
        p1_0.deleted_at,
        p1_0.description,
        p1_0.end_date,
        p1_0.name,
        p1_0.owner_email,
        p1_0.start_date,
        p1_0.status 
    from
        projects p1_0 
    where
        1=1 
        and p1_0.id in (?)
2024-09-06 10:59:53 [http-nio-8087-exec-4] DEBUG SQL - 
    select
        up1_0.id,
        up1_0.user_email,
        up1_0.project_id 
    from
        participant_project up1_0 
    where
        up1_0.project_id=?
2024-09-06 10:59:53 [http-nio-8087-exec-7] DEBUG SQL - 
    select
        p1_0.id,
        p1_0.created_at,
        p1_0.deleted_at,
        p1_0.description,
        p1_0.end_date,
        p1_0.name,
        p1_0.owner_email,
        p1_0.start_date,
        p1_0.status 
    from
        projects p1_0 
    where
        1=1 
        and p1_0.id=?
2024-09-06 10:59:53 [http-nio-8087-exec-6] DEBUG SQL - 
    select
        p1_0.id,
        p1_0.created_at,
        p1_0.deleted_at,
        p1_0.description,
        p1_0.end_date,
        p1_0.name,
        p1_0.owner_email,
        p1_0.start_date,
        p1_0.status 
    from
        projects p1_0 
    where
        1=1 
        and p1_0.id=?
2024-09-06 11:08:08 [org.springframework.kafka.KafkaListenerEndpointContainer#0-0-C-1] INFO  KafkaMessageListenerContainer - my-group: partitions revoked: [test-0]
2024-09-06 11:08:09 [org.springframework.kafka.KafkaListenerEndpointContainer#0-0-C-1] INFO  KafkaMessageListenerContainer - my-group: Consumer stopped
2024-09-06 11:08:09 [SpringApplicationShutdownHook] INFO  LocalContainerEntityManagerFactoryBean - Closing JPA EntityManagerFactory for persistence unit 'default'
2024-09-06 11:08:12 [main] INFO  ProjectServiceApplication - Starting ProjectServiceApplication using Java 19.0.2 with PID 20456 (C:\Users\1\Desktop\1\4\it-park-graduation-project\backend\project-service\target\classes started by 1 in C:\Users\1\Desktop\1\4\it-park-graduation-project)
2024-09-06 11:08:12 [main] DEBUG ProjectServiceApplication - Running with Spring Boot v3.3.1, Spring v6.1.10
2024-09-06 11:08:12 [main] INFO  ProjectServiceApplication - No active profile set, falling back to 1 default profile: "default"
2024-09-06 11:08:13 [main] INFO  RepositoryConfigurationDelegate - Bootstrapping Spring Data JPA repositories in DEFAULT mode.
2024-09-06 11:08:13 [main] INFO  RepositoryConfigurationDelegate - Finished Spring Data repository scanning in 96 ms. Found 2 JPA repository interfaces.
2024-09-06 11:08:14 [main] INFO  TomcatWebServer - Tomcat initialized with port 8087 (http)
2024-09-06 11:08:14 [main] INFO  ServletWebServerApplicationContext - Root WebApplicationContext: initialization completed in 1707 ms
2024-09-06 11:08:15 [main] INFO  SpringPersistenceUnitInfo - No LoadTimeWeaver setup: ignoring JPA class transformer
2024-09-06 11:08:16 [main] INFO  LocalContainerEntityManagerFactoryBean - Initialized JPA EntityManagerFactory for persistence unit 'default'
2024-09-06 11:08:16 [main] WARN  DefaultKafkaConfig - Бутстрапик: localhost:29092
2024-09-06 11:08:16 [main] WARN  DefaultKafkaConfig - Бутстрап NotificationCreateCommand: localhost:29092
2024-09-06 11:08:17 [main] INFO  QueryEnhancerFactory - Hibernate is in classpath; If applicable, HQL parser will be used.
2024-09-06 11:08:18 [main] WARN  DefaultKafkaConfig - Бутстрапик: localhost:29092
2024-09-06 11:08:18 [main] WARN  JpaBaseConfiguration$JpaWebConfiguration - spring.jpa.open-in-view is enabled by default. Therefore, database queries may be performed during view rendering. Explicitly configure spring.jpa.open-in-view to disable this warning
2024-09-06 11:08:18 [main] INFO  TomcatWebServer - Tomcat started on port 8087 (http) with context path '/'
2024-09-06 11:08:18 [main] INFO  ProjectServiceApplication - Started ProjectServiceApplication in 6.363 seconds (process running for 7.327)
2024-09-06 11:08:22 [org.springframework.kafka.KafkaListenerEndpointContainer#0-0-C-1] INFO  KafkaMessageListenerContainer - my-group: partitions assigned: [test-0]
2024-09-06 11:08:53 [http-nio-8087-exec-1] INFO  DispatcherServlet - Initializing Servlet 'dispatcherServlet'
2024-09-06 11:08:53 [http-nio-8087-exec-1] INFO  DispatcherServlet - Completed initialization in 1 ms
2024-09-06 11:08:53 [http-nio-8087-exec-2] DEBUG SQL - 
    select
        up1_0.id,
        up1_0.user_email,
        up1_0.project_id 
    from
        participant_project up1_0 
    where
        up1_0.user_email=?
2024-09-06 11:08:53 [http-nio-8087-exec-2] DEBUG SQL - 
    select
        p1_0.id,
        p1_0.created_at,
        p1_0.deleted_at,
        p1_0.description,
        p1_0.end_date,
        p1_0.name,
        p1_0.owner_email,
        p1_0.start_date,
        p1_0.status 
    from
        projects p1_0 
    where
        1=1 
        and p1_0.id in (?)
2024-09-06 11:08:53 [http-nio-8087-exec-3] DEBUG SQL - 
    select
        up1_0.id,
        up1_0.user_email,
        up1_0.project_id 
    from
        participant_project up1_0 
    where
        up1_0.project_id=?
2024-09-06 11:08:53 [http-nio-8087-exec-4] DEBUG SQL - 
    select
        p1_0.id,
        p1_0.created_at,
        p1_0.deleted_at,
        p1_0.description,
        p1_0.end_date,
        p1_0.name,
        p1_0.owner_email,
        p1_0.start_date,
        p1_0.status 
    from
        projects p1_0 
    where
        1=1 
        and p1_0.id=?
2024-09-06 11:08:53 [http-nio-8087-exec-5] DEBUG SQL - 
    select
        p1_0.id,
        p1_0.created_at,
        p1_0.deleted_at,
        p1_0.description,
        p1_0.end_date,
        p1_0.name,
        p1_0.owner_email,
        p1_0.start_date,
        p1_0.status 
    from
        projects p1_0 
    where
        1=1 
        and p1_0.id=?
2024-09-06 11:08:57 [http-nio-8087-exec-7] DEBUG SQL - 
    select
        p1_0.id,
        p1_0.created_at,
        p1_0.deleted_at,
        p1_0.description,
        p1_0.end_date,
        p1_0.name,
        p1_0.owner_email,
        p1_0.start_date,
        p1_0.status 
    from
        projects p1_0 
    where
        p1_0.id=?
2024-09-06 11:08:57 [http-nio-8087-exec-7] DEBUG SQL - 
    delete 
    from
        participant_project up1_0 
    where
        up1_0.project_id=?
2024-09-06 11:08:57 [http-nio-8087-exec-7] DEBUG SQL - 
    delete 
    from
        projects 
    where
        id=?
2024-09-06 11:08:57 [http-nio-8087-exec-8] DEBUG SQL - 
    select
        up1_0.id,
        up1_0.user_email,
        up1_0.project_id 
    from
        participant_project up1_0 
    where
        up1_0.user_email=?
2024-09-06 11:09:00 [http-nio-8087-exec-9] DEBUG SQL - 
    select
        up1_0.id,
        up1_0.user_email,
        up1_0.project_id 
    from
        participant_project up1_0 
    where
        up1_0.user_email=?
2024-09-06 11:09:06 [http-nio-8087-exec-1] DEBUG SQL - 
    insert 
    into
        participant_project
        (user_email, project_id, id) 
    values
        (?, ?, ?)
2024-09-06 11:15:20 [http-nio-8087-exec-4] ERROR ExceptionAdvice - exception caught by advice Required request body is missing: public java.util.List<ru.itpark.projectservice.presentation.projects.dto.query.ProjectResponse> ru.itpark.projectservice.presentation.projects.ProjectsController.getProjectsByFilter(ru.itpark.projectservice.presentation.projects.dto.query.ProjectsSearchQuery) 
2024-09-06 11:15:25 [http-nio-8087-exec-5] ERROR ExceptionAdvice - exception caught by advice Required request body is missing: public java.util.List<ru.itpark.projectservice.presentation.projects.dto.query.ProjectResponse> ru.itpark.projectservice.presentation.projects.ProjectsController.getProjectsByFilter(ru.itpark.projectservice.presentation.projects.dto.query.ProjectsSearchQuery) 
2024-09-06 11:15:38 [http-nio-8087-exec-6] ERROR ExceptionAdvice - exception caught by advice Required request body is missing: public java.util.List<ru.itpark.projectservice.presentation.projects.dto.query.ProjectResponse> ru.itpark.projectservice.presentation.projects.ProjectsController.getProjectsByFilter(ru.itpark.projectservice.presentation.projects.dto.query.ProjectsSearchQuery) 
2024-09-06 11:15:43 [http-nio-8087-exec-7] ERROR ExceptionAdvice - exception caught by advice Required request body is missing: public java.util.List<ru.itpark.projectservice.presentation.projects.dto.query.ProjectResponse> ru.itpark.projectservice.presentation.projects.ProjectsController.getProjectsByFilter(ru.itpark.projectservice.presentation.projects.dto.query.ProjectsSearchQuery) 
2024-09-06 11:41:50 [http-nio-8087-exec-9] DEBUG SQL - 
    select
        up1_0.id,
        up1_0.user_email,
        up1_0.project_id 
    from
        participant_project up1_0 
    where
        up1_0.user_email=?
2024-09-06 11:41:50 [http-nio-8087-exec-9] DEBUG SQL - 
    select
        p1_0.id,
        p1_0.created_at,
        p1_0.deleted_at,
        p1_0.description,
        p1_0.end_date,
        p1_0.name,
        p1_0.owner_email,
        p1_0.start_date,
        p1_0.status 
    from
        projects p1_0 
    where
        1=1 
        and p1_0.id in (?)
2024-09-06 11:42:04 [http-nio-8087-exec-10] DEBUG SQL - 
    select
        up1_0.id,
        up1_0.user_email,
        up1_0.project_id 
    from
        participant_project up1_0 
    where
        up1_0.user_email=?
2024-09-06 11:42:04 [http-nio-8087-exec-10] DEBUG SQL - 
    select
        p1_0.id,
        p1_0.created_at,
        p1_0.deleted_at,
        p1_0.description,
        p1_0.end_date,
        p1_0.name,
        p1_0.owner_email,
        p1_0.start_date,
        p1_0.status 
    from
        projects p1_0 
    where
        1=1 
        and p1_0.id in (?)
2024-09-06 11:42:04 [http-nio-8087-exec-1] DEBUG SQL - 
    select
        up1_0.id,
        up1_0.user_email,
        up1_0.project_id 
    from
        participant_project up1_0 
    where
        up1_0.project_id=?
2024-09-06 11:42:04 [http-nio-8087-exec-2] DEBUG SQL - 
    select
        p1_0.id,
        p1_0.created_at,
        p1_0.deleted_at,
        p1_0.description,
        p1_0.end_date,
        p1_0.name,
        p1_0.owner_email,
        p1_0.start_date,
        p1_0.status 
    from
        projects p1_0 
    where
        1=1 
        and p1_0.id=?
2024-09-06 11:42:04 [http-nio-8087-exec-4] DEBUG SQL - 
    select
        p1_0.id,
        p1_0.created_at,
        p1_0.deleted_at,
        p1_0.description,
        p1_0.end_date,
        p1_0.name,
        p1_0.owner_email,
        p1_0.start_date,
        p1_0.status 
    from
        projects p1_0 
    where
        1=1 
        and p1_0.id=?
2024-09-06 11:42:19 [http-nio-8087-exec-5] DEBUG SQL - 
    select
        up1_0.id,
        up1_0.user_email,
        up1_0.project_id 
    from
        participant_project up1_0 
    where
        up1_0.user_email=?
2024-09-06 11:42:19 [http-nio-8087-exec-5] DEBUG SQL - 
    select
        p1_0.id,
        p1_0.created_at,
        p1_0.deleted_at,
        p1_0.description,
        p1_0.end_date,
        p1_0.name,
        p1_0.owner_email,
        p1_0.start_date,
        p1_0.status 
    from
        projects p1_0 
    where
        1=1 
        and p1_0.id in (?)
2024-09-06 11:42:44 [http-nio-8087-exec-7] DEBUG SQL - 
    select
        up1_0.id,
        up1_0.user_email,
        up1_0.project_id 
    from
        participant_project up1_0 
    where
        up1_0.user_email=?
2024-09-06 11:42:44 [http-nio-8087-exec-7] DEBUG SQL - 
    select
        p1_0.id,
        p1_0.created_at,
        p1_0.deleted_at,
        p1_0.description,
        p1_0.end_date,
        p1_0.name,
        p1_0.owner_email,
        p1_0.start_date,
        p1_0.status 
    from
        projects p1_0 
    where
        1=1 
        and p1_0.id in (?)
2024-09-06 11:42:58 [http-nio-8087-exec-8] DEBUG SQL - 
    select
        up1_0.id,
        up1_0.user_email,
        up1_0.project_id 
    from
        participant_project up1_0 
    where
        up1_0.user_email=?
2024-09-06 11:42:58 [http-nio-8087-exec-8] DEBUG SQL - 
    select
        p1_0.id,
        p1_0.created_at,
        p1_0.deleted_at,
        p1_0.description,
        p1_0.end_date,
        p1_0.name,
        p1_0.owner_email,
        p1_0.start_date,
        p1_0.status 
    from
        projects p1_0 
    where
        1=1 
        and p1_0.id in (?)
2024-09-06 11:43:16 [http-nio-8087-exec-9] DEBUG SQL - 
    select
        up1_0.id,
        up1_0.user_email,
        up1_0.project_id 
    from
        participant_project up1_0 
    where
        up1_0.user_email=?
2024-09-06 11:43:16 [http-nio-8087-exec-9] DEBUG SQL - 
    select
        p1_0.id,
        p1_0.created_at,
        p1_0.deleted_at,
        p1_0.description,
        p1_0.end_date,
        p1_0.name,
        p1_0.owner_email,
        p1_0.start_date,
        p1_0.status 
    from
        projects p1_0 
    where
        1=1 
        and p1_0.id in (?)
2024-09-06 11:43:18 [http-nio-8087-exec-10] DEBUG SQL - 
    select
        up1_0.id,
        up1_0.user_email,
        up1_0.project_id 
    from
        participant_project up1_0 
    where
        up1_0.user_email=?
2024-09-06 11:43:18 [http-nio-8087-exec-10] DEBUG SQL - 
    select
        p1_0.id,
        p1_0.created_at,
        p1_0.deleted_at,
        p1_0.description,
        p1_0.end_date,
        p1_0.name,
        p1_0.owner_email,
        p1_0.start_date,
        p1_0.status 
    from
        projects p1_0 
    where
        1=1 
        and p1_0.id in (?)
2024-09-06 11:43:23 [http-nio-8087-exec-1] DEBUG SQL - 
    select
        up1_0.id,
        up1_0.user_email,
        up1_0.project_id 
    from
        participant_project up1_0 
    where
        up1_0.user_email=?
2024-09-06 11:43:23 [http-nio-8087-exec-1] DEBUG SQL - 
    select
        p1_0.id,
        p1_0.created_at,
        p1_0.deleted_at,
        p1_0.description,
        p1_0.end_date,
        p1_0.name,
        p1_0.owner_email,
        p1_0.start_date,
        p1_0.status 
    from
        projects p1_0 
    where
        1=1 
        and p1_0.id in (?)
2024-09-06 11:43:38 [http-nio-8087-exec-3] DEBUG SQL - 
    select
        up1_0.id,
        up1_0.user_email,
        up1_0.project_id 
    from
        participant_project up1_0 
    where
        up1_0.user_email=?
2024-09-06 11:43:38 [http-nio-8087-exec-3] DEBUG SQL - 
    select
        p1_0.id,
        p1_0.created_at,
        p1_0.deleted_at,
        p1_0.description,
        p1_0.end_date,
        p1_0.name,
        p1_0.owner_email,
        p1_0.start_date,
        p1_0.status 
    from
        projects p1_0 
    where
        1=1 
        and p1_0.id in (?)
2024-09-06 11:43:51 [http-nio-8087-exec-2] DEBUG SQL - 
    select
        up1_0.id,
        up1_0.user_email,
        up1_0.project_id 
    from
        participant_project up1_0 
    where
        up1_0.user_email=?
2024-09-06 11:43:51 [http-nio-8087-exec-2] DEBUG SQL - 
    select
        p1_0.id,
        p1_0.created_at,
        p1_0.deleted_at,
        p1_0.description,
        p1_0.end_date,
        p1_0.name,
        p1_0.owner_email,
        p1_0.start_date,
        p1_0.status 
    from
        projects p1_0 
    where
        1=1 
        and p1_0.id in (?)
2024-09-06 11:44:49 [http-nio-8087-exec-4] DEBUG SQL - 
    select
        up1_0.id,
        up1_0.user_email,
        up1_0.project_id 
    from
        participant_project up1_0 
    where
        up1_0.user_email=?
2024-09-06 11:44:49 [http-nio-8087-exec-4] DEBUG SQL - 
    select
        p1_0.id,
        p1_0.created_at,
        p1_0.deleted_at,
        p1_0.description,
        p1_0.end_date,
        p1_0.name,
        p1_0.owner_email,
        p1_0.start_date,
        p1_0.status 
    from
        projects p1_0 
    where
        1=1 
        and p1_0.id in (?)
2024-09-06 11:44:51 [http-nio-8087-exec-5] DEBUG SQL - 
    select
        up1_0.id,
        up1_0.user_email,
        up1_0.project_id 
    from
        participant_project up1_0 
    where
        up1_0.user_email=?
2024-09-06 11:44:51 [http-nio-8087-exec-5] DEBUG SQL - 
    select
        p1_0.id,
        p1_0.created_at,
        p1_0.deleted_at,
        p1_0.description,
        p1_0.end_date,
        p1_0.name,
        p1_0.owner_email,
        p1_0.start_date,
        p1_0.status 
    from
        projects p1_0 
    where
        1=1 
        and p1_0.id in (?)
2024-09-06 11:44:55 [http-nio-8087-exec-6] DEBUG SQL - 
    select
        up1_0.id,
        up1_0.user_email,
        up1_0.project_id 
    from
        participant_project up1_0 
    where
        up1_0.user_email=?
2024-09-06 11:44:55 [http-nio-8087-exec-6] DEBUG SQL - 
    select
        p1_0.id,
        p1_0.created_at,
        p1_0.deleted_at,
        p1_0.description,
        p1_0.end_date,
        p1_0.name,
        p1_0.owner_email,
        p1_0.start_date,
        p1_0.status 
    from
        projects p1_0 
    where
        1=1 
        and p1_0.id in (?)
2024-09-06 11:45:32 [http-nio-8087-exec-7] DEBUG SQL - 
    select
        up1_0.id,
        up1_0.user_email,
        up1_0.project_id 
    from
        participant_project up1_0 
    where
        up1_0.user_email=?
2024-09-06 11:45:32 [http-nio-8087-exec-7] DEBUG SQL - 
    select
        p1_0.id,
        p1_0.created_at,
        p1_0.deleted_at,
        p1_0.description,
        p1_0.end_date,
        p1_0.name,
        p1_0.owner_email,
        p1_0.start_date,
        p1_0.status 
    from
        projects p1_0 
    where
        1=1 
        and p1_0.id in (?)
2024-09-06 11:45:37 [http-nio-8087-exec-8] DEBUG SQL - 
    select
        up1_0.id,
        up1_0.user_email,
        up1_0.project_id 
    from
        participant_project up1_0 
    where
        up1_0.user_email=?
2024-09-06 11:45:37 [http-nio-8087-exec-8] DEBUG SQL - 
    select
        p1_0.id,
        p1_0.created_at,
        p1_0.deleted_at,
        p1_0.description,
        p1_0.end_date,
        p1_0.name,
        p1_0.owner_email,
        p1_0.start_date,
        p1_0.status 
    from
        projects p1_0 
    where
        1=1 
        and p1_0.id in (?)
2024-09-06 11:45:37 [http-nio-8087-exec-9] DEBUG SQL - 
    select
        up1_0.id,
        up1_0.user_email,
        up1_0.project_id 
    from
        participant_project up1_0 
    where
        up1_0.user_email=?
2024-09-06 11:45:37 [http-nio-8087-exec-9] DEBUG SQL - 
    select
        p1_0.id,
        p1_0.created_at,
        p1_0.deleted_at,
        p1_0.description,
        p1_0.end_date,
        p1_0.name,
        p1_0.owner_email,
        p1_0.start_date,
        p1_0.status 
    from
        projects p1_0 
    where
        1=1 
        and p1_0.id in (?)
2024-09-06 11:45:52 [http-nio-8087-exec-10] DEBUG SQL - 
    select
        up1_0.id,
        up1_0.user_email,
        up1_0.project_id 
    from
        participant_project up1_0 
    where
        up1_0.user_email=?
2024-09-06 11:45:52 [http-nio-8087-exec-10] DEBUG SQL - 
    select
        p1_0.id,
        p1_0.created_at,
        p1_0.deleted_at,
        p1_0.description,
        p1_0.end_date,
        p1_0.name,
        p1_0.owner_email,
        p1_0.start_date,
        p1_0.status 
    from
        projects p1_0 
    where
        1=1 
        and p1_0.id in (?)
2024-09-06 11:46:34 [http-nio-8087-exec-1] DEBUG SQL - 
    select
        up1_0.id,
        up1_0.user_email,
        up1_0.project_id 
    from
        participant_project up1_0 
    where
        up1_0.user_email=?
2024-09-06 11:46:34 [http-nio-8087-exec-1] DEBUG SQL - 
    select
        p1_0.id,
        p1_0.created_at,
        p1_0.deleted_at,
        p1_0.description,
        p1_0.end_date,
        p1_0.name,
        p1_0.owner_email,
        p1_0.start_date,
        p1_0.status 
    from
        projects p1_0 
    where
        1=1 
        and p1_0.id in (?)
2024-09-06 11:46:36 [http-nio-8087-exec-3] DEBUG SQL - 
    select
        up1_0.id,
        up1_0.user_email,
        up1_0.project_id 
    from
        participant_project up1_0 
    where
        up1_0.user_email=?
2024-09-06 11:46:36 [http-nio-8087-exec-3] DEBUG SQL - 
    select
        p1_0.id,
        p1_0.created_at,
        p1_0.deleted_at,
        p1_0.description,
        p1_0.end_date,
        p1_0.name,
        p1_0.owner_email,
        p1_0.start_date,
        p1_0.status 
    from
        projects p1_0 
    where
        1=1 
        and p1_0.id in (?)
2024-09-06 11:46:41 [http-nio-8087-exec-2] DEBUG SQL - 
    select
        up1_0.id,
        up1_0.user_email,
        up1_0.project_id 
    from
        participant_project up1_0 
    where
        up1_0.user_email=?
2024-09-06 11:46:41 [http-nio-8087-exec-2] DEBUG SQL - 
    select
        p1_0.id,
        p1_0.created_at,
        p1_0.deleted_at,
        p1_0.description,
        p1_0.end_date,
        p1_0.name,
        p1_0.owner_email,
        p1_0.start_date,
        p1_0.status 
    from
        projects p1_0 
    where
        1=1 
        and p1_0.id in (?)
2024-09-06 11:46:51 [http-nio-8087-exec-4] DEBUG SQL - 
    select
        up1_0.id,
        up1_0.user_email,
        up1_0.project_id 
    from
        participant_project up1_0 
    where
        up1_0.user_email=?
2024-09-06 11:46:51 [http-nio-8087-exec-4] DEBUG SQL - 
    select
        p1_0.id,
        p1_0.created_at,
        p1_0.deleted_at,
        p1_0.description,
        p1_0.end_date,
        p1_0.name,
        p1_0.owner_email,
        p1_0.start_date,
        p1_0.status 
    from
        projects p1_0 
    where
        1=1 
        and p1_0.id in (?)
2024-09-06 11:46:59 [http-nio-8087-exec-5] DEBUG SQL - 
    select
        up1_0.id,
        up1_0.user_email,
        up1_0.project_id 
    from
        participant_project up1_0 
    where
        up1_0.user_email=?
2024-09-06 11:46:59 [http-nio-8087-exec-5] DEBUG SQL - 
    select
        p1_0.id,
        p1_0.created_at,
        p1_0.deleted_at,
        p1_0.description,
        p1_0.end_date,
        p1_0.name,
        p1_0.owner_email,
        p1_0.start_date,
        p1_0.status 
    from
        projects p1_0 
    where
        1=1 
        and p1_0.id in (?)
2024-09-06 11:47:08 [http-nio-8087-exec-6] DEBUG SQL - 
    select
        up1_0.id,
        up1_0.user_email,
        up1_0.project_id 
    from
        participant_project up1_0 
    where
        up1_0.user_email=?
2024-09-06 11:47:08 [http-nio-8087-exec-6] DEBUG SQL - 
    select
        p1_0.id,
        p1_0.created_at,
        p1_0.deleted_at,
        p1_0.description,
        p1_0.end_date,
        p1_0.name,
        p1_0.owner_email,
        p1_0.start_date,
        p1_0.status 
    from
        projects p1_0 
    where
        1=1 
        and p1_0.id in (?)
2024-09-06 11:47:14 [http-nio-8087-exec-7] DEBUG SQL - 
    select
        up1_0.id,
        up1_0.user_email,
        up1_0.project_id 
    from
        participant_project up1_0 
    where
        up1_0.user_email=?
2024-09-06 11:47:14 [http-nio-8087-exec-7] DEBUG SQL - 
    select
        p1_0.id,
        p1_0.created_at,
        p1_0.deleted_at,
        p1_0.description,
        p1_0.end_date,
        p1_0.name,
        p1_0.owner_email,
        p1_0.start_date,
        p1_0.status 
    from
        projects p1_0 
    where
        1=1 
        and p1_0.id in (?)
2024-09-06 11:47:18 [http-nio-8087-exec-8] DEBUG SQL - 
    select
        up1_0.id,
        up1_0.user_email,
        up1_0.project_id 
    from
        participant_project up1_0 
    where
        up1_0.user_email=?
2024-09-06 11:47:18 [http-nio-8087-exec-8] DEBUG SQL - 
    select
        p1_0.id,
        p1_0.created_at,
        p1_0.deleted_at,
        p1_0.description,
        p1_0.end_date,
        p1_0.name,
        p1_0.owner_email,
        p1_0.start_date,
        p1_0.status 
    from
        projects p1_0 
    where
        1=1 
        and p1_0.id in (?)
2024-09-06 11:47:19 [http-nio-8087-exec-9] DEBUG SQL - 
    select
        up1_0.id,
        up1_0.user_email,
        up1_0.project_id 
    from
        participant_project up1_0 
    where
        up1_0.user_email=?
2024-09-06 11:47:19 [http-nio-8087-exec-9] DEBUG SQL - 
    select
        p1_0.id,
        p1_0.created_at,
        p1_0.deleted_at,
        p1_0.description,
        p1_0.end_date,
        p1_0.name,
        p1_0.owner_email,
        p1_0.start_date,
        p1_0.status 
    from
        projects p1_0 
    where
        1=1 
        and p1_0.id in (?)
2024-09-06 11:47:25 [http-nio-8087-exec-10] DEBUG SQL - 
    select
        up1_0.id,
        up1_0.user_email,
        up1_0.project_id 
    from
        participant_project up1_0 
    where
        up1_0.user_email=?
2024-09-06 11:47:25 [http-nio-8087-exec-10] DEBUG SQL - 
    select
        p1_0.id,
        p1_0.created_at,
        p1_0.deleted_at,
        p1_0.description,
        p1_0.end_date,
        p1_0.name,
        p1_0.owner_email,
        p1_0.start_date,
        p1_0.status 
    from
        projects p1_0 
    where
        1=1 
        and p1_0.id in (?)
2024-09-06 11:48:19 [http-nio-8087-exec-1] DEBUG SQL - 
    select
        up1_0.id,
        up1_0.user_email,
        up1_0.project_id 
    from
        participant_project up1_0 
    where
        up1_0.user_email=?
2024-09-06 11:48:19 [http-nio-8087-exec-1] DEBUG SQL - 
    select
        p1_0.id,
        p1_0.created_at,
        p1_0.deleted_at,
        p1_0.description,
        p1_0.end_date,
        p1_0.name,
        p1_0.owner_email,
        p1_0.start_date,
        p1_0.status 
    from
        projects p1_0 
    where
        1=1 
        and p1_0.id in (?)
2024-09-06 11:48:27 [http-nio-8087-exec-3] DEBUG SQL - 
    select
        up1_0.id,
        up1_0.user_email,
        up1_0.project_id 
    from
        participant_project up1_0 
    where
        up1_0.user_email=?
2024-09-06 11:48:27 [http-nio-8087-exec-3] DEBUG SQL - 
    select
        p1_0.id,
        p1_0.created_at,
        p1_0.deleted_at,
        p1_0.description,
        p1_0.end_date,
        p1_0.name,
        p1_0.owner_email,
        p1_0.start_date,
        p1_0.status 
    from
        projects p1_0 
    where
        1=1 
        and p1_0.id in (?)
